{"failedCount":1,"prefixedPath":"src\/test\/java\/com\/test\/api\/getrequest\/getRequest.feature","packageQualifiedName":"src.test.java.com.test.api.getrequest.getRequest","loopIndex":-1,"relativePath":"src\/test\/java\/com\/test\/api\/getrequest\/getRequest.feature","scenarioResults":[{"sectionIndex":0,"stepResults":[{"result":{"nanos":792900,"millis":0.7929,"status":"passed"},"step":{"background":true,"line":4,"prefix":"Given","index":0,"text":"url 'https:\/\/reqres.in\/api'"},"stepLog":"12:54:47.432 karate.env system property was: null \n"},{"result":{"nanos":47611000,"errorMessage":"js failed:\n>>>>\n01: karate.log('[print]',========== this is background ==========>)\n<<<<\norg.graalvm.polyglot.PolyglotException: SyntaxError: Unnamed:1:21 Expected an operand but found ===\r\nkarate.log('[print]',========== this is background ==========>)\r\n                     ^\n\n- org.graalvm.polyglot.Context.eval(Context.java:425)\n- com.intuit.karate.graal.JsEngine.evalForValue(JsEngine.java:139)\n- com.intuit.karate.graal.JsEngine.eval(JsEngine.java:135)\n- com.intuit.karate.core.ScenarioEngine.evalJs(ScenarioEngine.java:1190)\n- com.intuit.karate.core.ScenarioEngine.print(ScenarioEngine.java:242)\n- com.intuit.karate.ScenarioActions.print(ScenarioActions.java:308)\n- java.base\/jdk.internal.reflect.NativeMethodAccessorImpl.invoke0(Native Method)\n\nsrc\/test\/java\/com\/test\/api\/getrequest\/getRequest.feature:5","millis":47.611,"status":"failed"},"step":{"background":true,"line":5,"prefix":"And","index":1,"text":"print ========== this is background ==========>"},"stepLog":"12:54:47.512 src\/test\/java\/com\/test\/api\/getrequest\/getRequest.feature:5\nAnd print ========== this is background ==========>\njs failed:\n>>>>\n01: karate.log('[print]',========== this is background ==========>)\n<<<<\norg.graalvm.polyglot.PolyglotException: SyntaxError: Unnamed:1:21 Expected an operand but found ===\r\nkarate.log('[print]',========== this is background ==========>)\r\n                     ^\n\n- org.graalvm.polyglot.Context.eval(Context.java:425)\n- com.intuit.karate.graal.JsEngine.evalForValue(JsEngine.java:139)\n- com.intuit.karate.graal.JsEngine.eval(JsEngine.java:135)\n- com.intuit.karate.core.ScenarioEngine.evalJs(ScenarioEngine.java:1190)\n- com.intuit.karate.core.ScenarioEngine.print(ScenarioEngine.java:242)\n- com.intuit.karate.ScenarioActions.print(ScenarioActions.java:308)\n- java.base\/jdk.internal.reflect.NativeMethodAccessorImpl.invoke0(Native Method)\n\nsrc\/test\/java\/com\/test\/api\/getrequest\/getRequest.feature:5\n"},{"result":{"nanos":0,"millis":0.0,"status":"skipped"},"step":{"line":8,"prefix":"Given","index":0,"text":"path '\/users'"}},{"result":{"nanos":0,"millis":0.0,"status":"skipped"},"step":{"line":9,"prefix":"And","index":1,"text":"param page = 2"}},{"result":{"nanos":0,"millis":0.0,"status":"skipped"},"step":{"line":10,"prefix":"When","index":2,"text":"method GET"}},{"result":{"nanos":0,"millis":0.0,"status":"skipped"},"step":{"line":11,"prefix":"Then","index":3,"text":"status 200"}}],"line":7,"description":"","durationMillis":48.4039,"failed":true,"error":"js failed:\n>>>>\n01: karate.log('[print]',========== this is background ==========>)\n<<<<\norg.graalvm.polyglot.PolyglotException: SyntaxError: Unnamed:1:21 Expected an operand but found ===\r\nkarate.log('[print]',========== this is background ==========>)\r\n                     ^\n\n- org.graalvm.polyglot.Context.eval(Context.java:425)\n- com.intuit.karate.graal.JsEngine.evalForValue(JsEngine.java:139)\n- com.intuit.karate.graal.JsEngine.eval(JsEngine.java:135)\n- com.intuit.karate.core.ScenarioEngine.evalJs(ScenarioEngine.java:1190)\n- com.intuit.karate.core.ScenarioEngine.print(ScenarioEngine.java:242)\n- com.intuit.karate.ScenarioActions.print(ScenarioActions.java:308)\n- java.base\/jdk.internal.reflect.NativeMethodAccessorImpl.invoke0(Native Method)\n\nsrc\/test\/java\/com\/test\/api\/getrequest\/getRequest.feature:5","executorName":"main","name":"test get list users with JSON Data","startTime":1679741687266,"refId":"[1:7]","endTime":1679741687512,"exampleIndex":-1}],"callDepth":0,"name":"test get endPoints","description":"","resultDate":"2023-03-25 12:54:47 PM","durationMillis":48.4039,"passedCount":0}